<?xml version="1.0" encoding="UTF-8"?>
<testsuite xmlns:xsi="http://www.w3.org/2001/XMLSchema-instance" xsi:noNamespaceSchemaLocation="https://maven.apache.org/surefire/maven-surefire-plugin/xsd/surefire-test-report.xsd" name="runner.TestRunner" time="94.801" tests="4" errors="0" skipped="0" failures="0">
  <properties>
[...]
</properties>
  <testcase name="Login to My Account Dashboard" classname="Retail Page: for this feature you have to have an existing account" time="20.498"/>
  <testcase name="Register as an Affiliate user with Cheque Payment Method" classname="Retail Page: for this feature you have to have an existing account" time="21.259"/>
  <testcase name="Edit your affiliate information from Cheque payment method to Bank Transfer" classname="Retail Page: for this feature you have to have an existing account" time="24.718"/>
  <testcase name="Edit your account Information" classname="Retail Page: for this feature you have to have an existing account" time="22.59"/>
</testsuite>